Determining if the pthread_create exist failed with the following output:
Change Dir: /home/polaris/catkin_ws/build_isolated/beginner_tutorials/CMakeFiles/CMakeTmp

Run Build Command:/usr/bin/make "cmTryCompileExec1636954743/fast"
/usr/bin/make -f CMakeFiles/cmTryCompileExec1636954743.dir/build.make CMakeFiles/cmTryCompileExec1636954743.dir/build
make[1]: Entering directory `/home/polaris/catkin_ws/build_isolated/beginner_tutorials/CMakeFiles/CMakeTmp'
/usr/bin/cmake -E cmake_progress_report /home/polaris/catkin_ws/build_isolated/beginner_tutorials/CMakeFiles/CMakeTmp/CMakeFiles 1
Building C object CMakeFiles/cmTryCompileExec1636954743.dir/CheckSymbolExists.c.o
/usr/bin/cc    -o CMakeFiles/cmTryCompileExec1636954743.dir/CheckSymbolExists.c.o   -c /home/polaris/catkin_ws/build_isolated/beginner_tutorials/CMakeFiles/CMakeTmp/CheckSymbolExists.c
Linking C executable cmTryCompileExec1636954743
/usr/bin/cmake -E cmake_link_script CMakeFiles/cmTryCompileExec1636954743.dir/link.txt --verbose=1
/usr/bin/cc       CMakeFiles/cmTryCompileExec1636954743.dir/CheckSymbolExists.c.o  -o cmTryCompileExec1636954743 -rdynamic 
CMakeFiles/cmTryCompileExec1636954743.dir/CheckSymbolExists.c.o: In function `main':
CheckSymbolExists.c:(.text+0x16): undefined reference to `pthread_create'
collect2: error: ld returned 1 exit status
make[1]: Leaving directory `/home/polaris/catkin_ws/build_isolated/beginner_tutorials/CMakeFiles/CMakeTmp'
make[1]: *** [cmTryCompileExec1636954743] Error 1
make: *** [cmTryCompileExec1636954743/fast] Error 2

File /home/polaris/catkin_ws/build_isolated/beginner_tutorials/CMakeFiles/CMakeTmp/CheckSymbolExists.c:
/* */
#include <pthread.h>

int main(int argc, char** argv)
{
  (void)argv;
#ifndef pthread_create
  return ((int*)(&pthread_create))[argc];
#else
  (void)argc;
  return 0;
#endif
}

Determining if the function pthread_create exists in the pthreads failed with the following output:
Change Dir: /home/polaris/catkin_ws/build_isolated/beginner_tutorials/CMakeFiles/CMakeTmp

Run Build Command:/usr/bin/make "cmTryCompileExec224403008/fast"
/usr/bin/make -f CMakeFiles/cmTryCompileExec224403008.dir/build.make CMakeFiles/cmTryCompileExec224403008.dir/build
make[1]: Entering directory `/home/polaris/catkin_ws/build_isolated/beginner_tutorials/CMakeFiles/CMakeTmp'
/usr/bin/cmake -E cmake_progress_report /home/polaris/catkin_ws/build_isolated/beginner_tutorials/CMakeFiles/CMakeTmp/CMakeFiles 1
Building C object CMakeFiles/cmTryCompileExec224403008.dir/CheckFunctionExists.c.o
/usr/bin/cc   -DCHECK_FUNCTION_EXISTS=pthread_create   -o CMakeFiles/cmTryCompileExec224403008.dir/CheckFunctionExists.c.o   -c /usr/share/cmake-2.8/Modules/CheckFunctionExists.c
Linking C executable cmTryCompileExec224403008
/usr/bin/cmake -E cmake_link_script CMakeFiles/cmTryCompileExec224403008.dir/link.txt --verbose=1
/usr/bin/cc   -DCHECK_FUNCTION_EXISTS=pthread_create    CMakeFiles/cmTryCompileExec224403008.dir/CheckFunctionExists.c.o  -o cmTryCompileExec224403008 -rdynamic -lpthreads 
/usr/bin/ld: cannot find -lpthreads
collect2: error: ld returned 1 exit status
make[1]: Leaving directory `/home/polaris/catkin_ws/build_isolated/beginner_tutorials/CMakeFiles/CMakeTmp'
make[1]: *** [cmTryCompileExec224403008] Error 1
make: *** [cmTryCompileExec224403008/fast] Error 2


